<?xml version="1.0" encoding="UTF-8" ?>
<testsuites disabled="0" errors="0" failures="5" tests="8" time="2.969">
 <testsuite name="Article Tests" timestamp="2023-11-14T14:56:40" hostname="localhost" time="1.922" errors="0" tests="3" skipped="0" disabled="0" failures="0">
  <testcase classname="Article Tests" name="GET /articles should returns articles of logged in user" time="1.155" />
  <testcase classname="Article Tests" name="GET /articles/:id should retrieve a single article by id" time="0.362" />
  <testcase classname="Article Tests" name="POST /article should create a new article" time="0.404" />
 </testsuite>
 <testsuite name="Auth Tests" timestamp="2023-11-14T14:56:42" hostname="localhost" time="0.285" errors="0" tests="3" skipped="0" disabled="0" failures="5">
  <testcase classname="Auth Tests" name="POST /register should register a new user" time="0.106">
   <failure type="toEqual" message="Expected $.result = undefined to equal &apos;success&apos;.
Expected $.username = undefined to equal &apos;newuser&apos;."><![CDATA[at <Jasmine>
    at UserContext.<anonymous> (/Users/eddie/Desktop/hw6-backend/hw6-server/Draft-Back-End/spec/auth.spec.js:54:31)
    at process.processTicksAndRejections (node:internal/process/task_queues:95:5)]]>
   </failure>
  </testcase>
  <testcase classname="Auth Tests" name="POST /login should log in a user" time="0.087">
   <failure type="toEqual" message="Expected 401 to equal 200."><![CDATA[at <Jasmine>
    at /Users/eddie/Desktop/hw6-backend/hw6-server/Draft-Back-End/spec/auth.spec.js:68:30
    at process.processTicksAndRejections (node:internal/process/task_queues:95:5)]]>
   </failure>
   <failure type="toEqual" message="Expected $.result = undefined to equal &apos;Login successful&apos;.
Expected $.username = undefined to equal &apos;testUser&apos;."><![CDATA[at <Jasmine>
    at /Users/eddie/Desktop/hw6-backend/hw6-server/Draft-Back-End/spec/auth.spec.js:69:28
    at process.processTicksAndRejections (node:internal/process/task_queues:95:5)]]>
   </failure>
  </testcase>
  <testcase classname="Auth Tests" name="PUT /logout should log out a user" time="0.09">
   <failure type="toEqual" message="Expected 401 to equal 200."><![CDATA[at <Jasmine>
    at /Users/eddie/Desktop/hw6-backend/hw6-server/Draft-Back-End/spec/auth.spec.js:86:30
    at process.processTicksAndRejections (node:internal/process/task_queues:95:5)]]>
   </failure>
   <failure type="exception" message="Failed: Cannot read properties of undefined (reading &apos;0&apos;)"><![CDATA[at /Users/eddie/Desktop/hw6-backend/hw6-server/Draft-Back-End/spec/auth.spec.js:88:51
    at process.processTicksAndRejections (node:internal/process/task_queues:95:5)]]>
   </failure>
  </testcase>
 </testsuite>
 <testsuite name="Profile Tests" timestamp="2023-11-14T14:56:42" hostname="localhost" time="0.762" errors="0" tests="2" skipped="0" disabled="0" failures="0">
  <testcase classname="Profile Tests" name="GET /headline should retrieve the headline for the logged-in user" time="0.394" />
  <testcase classname="Profile Tests" name="PUT /headline should update the headline for the logged-in user" time="0.367" />
 </testsuite>
</testsuites>